com.nikita.refactoring.Guice.RefactorModule 2015.12.20 21:21:06.840 ERROR c.n.refactoring.Guice.RefactorModule:37 configure -
                Null pointer
java.lang.NullPointerException: null
	at java.lang.Class.forName0(Native Method) ~[na:1.8.0_60]
	at java.lang.Class.forName(Class.java:264) ~[na:1.8.0_60]
	at com.nikita.refactoring.Guice.RefactorModule.configure(RefactorModule.java:25) ~[classes/:na]
	at com.google.inject.AbstractModule.configure(AbstractModule.java:62) [guice-4.0.jar:na]
	at com.google.inject.spi.Elements$RecordingBinder.install(Elements.java:340) [guice-4.0.jar:na]
	at com.google.inject.spi.Elements.getElements(Elements.java:110) [guice-4.0.jar:na]
	at com.google.inject.internal.InjectorShell$Builder.build(InjectorShell.java:138) [guice-4.0.jar:na]
	at com.google.inject.internal.InternalInjectorCreator.build(InternalInjectorCreator.java:104) [guice-4.0.jar:na]
	at com.google.inject.Guice.createInjector(Guice.java:96) [guice-4.0.jar:na]
	at com.google.inject.Guice.createInjector(Guice.java:73) [guice-4.0.jar:na]
	at com.google.inject.Guice.createInjector(Guice.java:62) [guice-4.0.jar:na]
	at com.nikita.refactoring.Guice.IoCManager.<init>(IoCManager.java:14) [classes/:na]
	at com.nikita.refactoring.Refactoring.main(Refactoring.java:18) [classes/:na]
	at sun.reflect.NativeMethodAccessorImpl.invoke0(Native Method) ~[na:1.8.0_60]
	at sun.reflect.NativeMethodAccessorImpl.invoke(NativeMethodAccessorImpl.java:62) ~[na:1.8.0_60]
	at sun.reflect.DelegatingMethodAccessorImpl.invoke(DelegatingMethodAccessorImpl.java:43) ~[na:1.8.0_60]
	at java.lang.reflect.Method.invoke(Method.java:497) ~[na:1.8.0_60]
	at com.intellij.rt.execution.application.AppMain.main(AppMain.java:140) [idea_rt.jar:na]
com.nikita.refactoring.Guice.RefactorModule 2015.12.20 21:21:06.845 INFO  c.n.refactoring.Guice.RefactorModule:38 configure -
                sss
java.lang.NullPointerException: null
	at java.lang.Class.forName0(Native Method) ~[na:1.8.0_60]
	at java.lang.Class.forName(Class.java:264) ~[na:1.8.0_60]
	at com.nikita.refactoring.Guice.RefactorModule.configure(RefactorModule.java:25) ~[classes/:na]
	at com.google.inject.AbstractModule.configure(AbstractModule.java:62) [guice-4.0.jar:na]
	at com.google.inject.spi.Elements$RecordingBinder.install(Elements.java:340) [guice-4.0.jar:na]
	at com.google.inject.spi.Elements.getElements(Elements.java:110) [guice-4.0.jar:na]
	at com.google.inject.internal.InjectorShell$Builder.build(InjectorShell.java:138) [guice-4.0.jar:na]
	at com.google.inject.internal.InternalInjectorCreator.build(InternalInjectorCreator.java:104) [guice-4.0.jar:na]
	at com.google.inject.Guice.createInjector(Guice.java:96) [guice-4.0.jar:na]
	at com.google.inject.Guice.createInjector(Guice.java:73) [guice-4.0.jar:na]
	at com.google.inject.Guice.createInjector(Guice.java:62) [guice-4.0.jar:na]
	at com.nikita.refactoring.Guice.IoCManager.<init>(IoCManager.java:14) [classes/:na]
	at com.nikita.refactoring.Refactoring.main(Refactoring.java:18) [classes/:na]
	at sun.reflect.NativeMethodAccessorImpl.invoke0(Native Method) ~[na:1.8.0_60]
	at sun.reflect.NativeMethodAccessorImpl.invoke(NativeMethodAccessorImpl.java:62) ~[na:1.8.0_60]
	at sun.reflect.DelegatingMethodAccessorImpl.invoke(DelegatingMethodAccessorImpl.java:43) ~[na:1.8.0_60]
	at java.lang.reflect.Method.invoke(Method.java:497) ~[na:1.8.0_60]
	at com.intellij.rt.execution.application.AppMain.main(AppMain.java:140) [idea_rt.jar:na]
